<?xml version="1.0" encoding="UTF-8"?>
<testsuite name="com.learnreactivespring.LearnReactivespringApplicationTests" tests="1" skipped="0" failures="0" errors="0" timestamp="2020-01-12T10:57:03" hostname="KentonoMacBook-Pro.local" time="0.514">
  <properties/>
  <testcase name="contextLoads()" classname="com.learnreactivespring.LearnReactivespringApplicationTests" time="0.514"/>
  <system-out><![CDATA[19:56:56.165 [Test worker] DEBUG org.springframework.test.context.BootstrapUtils - Instantiating CacheAwareContextLoaderDelegate from class [org.springframework.test.context.cache.DefaultCacheAwareContextLoaderDelegate]
19:56:56.190 [Test worker] DEBUG org.springframework.test.context.BootstrapUtils - Instantiating BootstrapContext using constructor [public org.springframework.test.context.support.DefaultBootstrapContext(java.lang.Class,org.springframework.test.context.CacheAwareContextLoaderDelegate)]
19:56:56.224 [Test worker] DEBUG org.springframework.test.context.BootstrapUtils - Instantiating TestContextBootstrapper for test class [com.learnreactivespring.LearnReactivespringApplicationTests] from class [org.springframework.boot.test.context.SpringBootTestContextBootstrapper]
19:56:56.244 [Test worker] INFO org.springframework.boot.test.context.SpringBootTestContextBootstrapper - Neither @ContextConfiguration nor @ContextHierarchy found for test class [com.learnreactivespring.LearnReactivespringApplicationTests], using SpringBootContextLoader
19:56:56.249 [Test worker] DEBUG org.springframework.test.context.support.AbstractContextLoader - Did not detect default resource location for test class [com.learnreactivespring.LearnReactivespringApplicationTests]: class path resource [com/learnreactivespring/LearnReactivespringApplicationTests-context.xml] does not exist
19:56:56.249 [Test worker] DEBUG org.springframework.test.context.support.AbstractContextLoader - Did not detect default resource location for test class [com.learnreactivespring.LearnReactivespringApplicationTests]: class path resource [com/learnreactivespring/LearnReactivespringApplicationTestsContext.groovy] does not exist
19:56:56.250 [Test worker] INFO org.springframework.test.context.support.AbstractContextLoader - Could not detect default resource locations for test class [com.learnreactivespring.LearnReactivespringApplicationTests]: no resource found for suffixes {-context.xml, Context.groovy}.
19:56:56.251 [Test worker] INFO org.springframework.test.context.support.AnnotationConfigContextLoaderUtils - Could not detect default configuration classes for test class [com.learnreactivespring.LearnReactivespringApplicationTests]: LearnReactivespringApplicationTests does not declare any static, non-private, non-final, nested classes annotated with @Configuration.
19:56:56.291 [Test worker] DEBUG org.springframework.test.context.support.ActiveProfilesUtils - Could not find an 'annotation declaring class' for annotation type [org.springframework.test.context.ActiveProfiles] and class [com.learnreactivespring.LearnReactivespringApplicationTests]
19:56:56.356 [Test worker] DEBUG org.springframework.context.annotation.ClassPathScanningCandidateComponentProvider - Identified candidate component class: file [/Users/kento/Programing/JavaProjects/reactive-springboot/learn-reactivespring/build/classes/java/main/com/learnreactivespring/LearnReactivespringApplication.class]
19:56:56.358 [Test worker] INFO org.springframework.boot.test.context.SpringBootTestContextBootstrapper - Found @SpringBootConfiguration com.learnreactivespring.LearnReactivespringApplication for test class com.learnreactivespring.LearnReactivespringApplicationTests
19:56:56.460 [Test worker] DEBUG org.springframework.boot.test.context.SpringBootTestContextBootstrapper - @TestExecutionListeners is not present for class [com.learnreactivespring.LearnReactivespringApplicationTests]: using defaults.
19:56:56.460 [Test worker] INFO org.springframework.boot.test.context.SpringBootTestContextBootstrapper - Loaded default TestExecutionListener class names from location [META-INF/spring.factories]: [org.springframework.boot.test.autoconfigure.restdocs.RestDocsTestExecutionListener, org.springframework.boot.test.autoconfigure.web.client.MockRestServiceServerResetTestExecutionListener, org.springframework.boot.test.autoconfigure.web.servlet.MockMvcPrintOnlyOnFailureTestExecutionListener, org.springframework.boot.test.autoconfigure.web.servlet.WebDriverTestExecutionListener, org.springframework.boot.test.mock.mockito.MockitoTestExecutionListener, org.springframework.boot.test.mock.mockito.ResetMocksTestExecutionListener, org.springframework.test.context.web.ServletTestExecutionListener, org.springframework.test.context.support.DirtiesContextBeforeModesTestExecutionListener, org.springframework.test.context.support.DependencyInjectionTestExecutionListener, org.springframework.test.context.support.DirtiesContextTestExecutionListener, org.springframework.test.context.transaction.TransactionalTestExecutionListener, org.springframework.test.context.jdbc.SqlScriptsTestExecutionListener, org.springframework.test.context.event.EventPublishingTestExecutionListener]
19:56:56.468 [Test worker] DEBUG org.springframework.boot.test.context.SpringBootTestContextBootstrapper - Skipping candidate TestExecutionListener [org.springframework.test.context.web.ServletTestExecutionListener] due to a missing dependency. Specify custom listener classes or make the default listener classes and their required dependencies available. Offending class: [javax/servlet/ServletContext]
19:56:56.470 [Test worker] DEBUG org.springframework.boot.test.context.SpringBootTestContextBootstrapper - Skipping candidate TestExecutionListener [org.springframework.test.context.transaction.TransactionalTestExecutionListener] due to a missing dependency. Specify custom listener classes or make the default listener classes and their required dependencies available. Offending class: [org/springframework/transaction/interceptor/TransactionAttributeSource]
19:56:56.471 [Test worker] DEBUG org.springframework.boot.test.context.SpringBootTestContextBootstrapper - Skipping candidate TestExecutionListener [org.springframework.test.context.jdbc.SqlScriptsTestExecutionListener] due to a missing dependency. Specify custom listener classes or make the default listener classes and their required dependencies available. Offending class: [org/springframework/transaction/interceptor/TransactionAttribute]
19:56:56.471 [Test worker] INFO org.springframework.boot.test.context.SpringBootTestContextBootstrapper - Using TestExecutionListeners: [org.springframework.test.context.support.DirtiesContextBeforeModesTestExecutionListener@41ae236d, org.springframework.boot.test.mock.mockito.MockitoTestExecutionListener@3bff9060, org.springframework.boot.test.autoconfigure.SpringBootDependencyInjectionTestExecutionListener@46dc8c51, org.springframework.test.context.support.DirtiesContextTestExecutionListener@5426a35, org.springframework.test.context.event.EventPublishingTestExecutionListener@354784bb, org.springframework.boot.test.autoconfigure.restdocs.RestDocsTestExecutionListener@727c6ee3, org.springframework.boot.test.autoconfigure.web.client.MockRestServiceServerResetTestExecutionListener@5060daf9, org.springframework.boot.test.autoconfigure.web.servlet.MockMvcPrintOnlyOnFailureTestExecutionListener@46e51102, org.springframework.boot.test.autoconfigure.web.servlet.WebDriverTestExecutionListener@4f8e2739, org.springframework.boot.test.mock.mockito.ResetMocksTestExecutionListener@5e14535d]
19:56:56.481 [Test worker] DEBUG org.springframework.test.context.support.AbstractDirtiesContextTestExecutionListener - Before test class: context [DefaultTestContext@6b7888f6 testClass = LearnReactivespringApplicationTests, testInstance = [null], testMethod = [null], testException = [null], mergedContextConfiguration = [ReactiveWebMergedContextConfiguration@127e5a3 testClass = LearnReactivespringApplicationTests, locations = '{}', classes = '{class com.learnreactivespring.LearnReactivespringApplication}', contextInitializerClasses = '[]', activeProfiles = '{}', propertySourceLocations = '{}', propertySourceProperties = '{org.springframework.boot.test.context.SpringBootTestContextBootstrapper=true}', contextCustomizers = set[org.springframework.boot.test.autoconfigure.properties.PropertyMappingContextCustomizer@0, org.springframework.boot.test.autoconfigure.web.servlet.WebDriverContextCustomizerFactory$Customizer@5aef0af0, org.springframework.boot.test.context.filter.ExcludeFilterContextCustomizer@a6d3eb8, org.springframework.boot.test.json.DuplicateJsonObjectContextCustomizerFactory$DuplicateJsonObjectContextCustomizer@3b9c1f22, org.springframework.boot.test.mock.mockito.MockitoContextCustomizer@0, org.springframework.boot.test.web.client.TestRestTemplateContextCustomizer@2ca5b706, org.springframework.boot.test.web.reactive.server.WebTestClientContextCustomizer@69f3720a], contextLoader = 'org.springframework.boot.test.context.SpringBootContextLoader', parent = [null]], attributes = map[[empty]]], class annotated with @DirtiesContext [false] with mode [null].
19:56:56.496 [Test worker] DEBUG org.springframework.test.context.support.DependencyInjectionTestExecutionListener - Performing dependency injection for test context [[DefaultTestContext@6b7888f6 testClass = LearnReactivespringApplicationTests, testInstance = com.learnreactivespring.LearnReactivespringApplicationTests@7139a4ba, testMethod = [null], testException = [null], mergedContextConfiguration = [ReactiveWebMergedContextConfiguration@127e5a3 testClass = LearnReactivespringApplicationTests, locations = '{}', classes = '{class com.learnreactivespring.LearnReactivespringApplication}', contextInitializerClasses = '[]', activeProfiles = '{}', propertySourceLocations = '{}', propertySourceProperties = '{org.springframework.boot.test.context.SpringBootTestContextBootstrapper=true}', contextCustomizers = set[org.springframework.boot.test.autoconfigure.properties.PropertyMappingContextCustomizer@0, org.springframework.boot.test.autoconfigure.web.servlet.WebDriverContextCustomizerFactory$Customizer@5aef0af0, org.springframework.boot.test.context.filter.ExcludeFilterContextCustomizer@a6d3eb8, org.springframework.boot.test.json.DuplicateJsonObjectContextCustomizerFactory$DuplicateJsonObjectContextCustomizer@3b9c1f22, org.springframework.boot.test.mock.mockito.MockitoContextCustomizer@0, org.springframework.boot.test.web.client.TestRestTemplateContextCustomizer@2ca5b706, org.springframework.boot.test.web.reactive.server.WebTestClientContextCustomizer@69f3720a], contextLoader = 'org.springframework.boot.test.context.SpringBootContextLoader', parent = [null]], attributes = map[[empty]]]].
19:56:56.528 [Test worker] DEBUG org.springframework.test.context.support.TestPropertySourceUtils - Adding inlined properties to environment: {spring.jmx.enabled=false, org.springframework.boot.test.context.SpringBootTestContextBootstrapper=true, server.port=-1}

  .   ____          _            __ _ _
 /\\ / ___'_ __ _ _(_)_ __  __ _ \ \ \ \
( ( )\___ | '_ | '_| | '_ \/ _` | \ \ \ \
 \\/  ___)| |_)| | | | | || (_| |  ) ) ) )
  '  |____| .__|_| |_|_| |_\__, | / / / /
 =========|_|==============|___/=/_/_/_/
 :: Spring Boot ::        (v2.2.2.RELEASE)

2020-01-12 19:57:01.846  INFO 25399 --- [    Test worker] c.l.LearnReactivespringApplicationTests  : Starting LearnReactivespringApplicationTests on KentonoMacBook-Pro.local with PID 25399 (started by kento in /Users/kento/Programing/JavaProjects/reactive-springboot/learn-reactivespring)
2020-01-12 19:57:01.848  INFO 25399 --- [    Test worker] c.l.LearnReactivespringApplicationTests  : No active profile set, falling back to default profiles: default
2020-01-12 19:57:03.430  INFO 25399 --- [    Test worker] c.l.LearnReactivespringApplicationTests  : Started LearnReactivespringApplicationTests in 6.893 seconds (JVM running for 8.422)
]]></system-out>
  <system-err><![CDATA[]]></system-err>
</testsuite>
